{"C:\\Users\\HP\\Desktop\\raectjanam\\src\\components\\Contact.js": {"path":"C:\\Users\\HP\\Desktop\\raectjanam\\src\\components\\Contact.js","statementMap":{"0":{"start":{"line":1,"column":16},"end":{"line":22,"column":1}},"1":{"start":{"line":2,"column":2},"end":{"line":21,"column":4}}},"fnMap":{"0":{"name":"(anonymous_0)","decl":{"start":{"line":1,"column":16},"end":{"line":1,"column":17}},"loc":{"start":{"line":1,"column":22},"end":{"line":22,"column":1}},"line":1}},"branchMap":{},"s":{"0":1,"1":2},"f":{"0":2},"b":{},"_coverageSchema":"1a1c01bbd47fc00a2c39e90264f33305004495a9","hash":"8692039cafed3e6e5f862b75cc224ea696f8209d"}
,"C:\\Users\\HP\\Desktop\\raectjanam\\src\\components\\Header.js": {"path":"C:\\Users\\HP\\Desktop\\raectjanam\\src\\components\\Header.js","statementMap":{"0":{"start":{"line":7,"column":15},"end":{"line":47,"column":1}},"1":{"start":{"line":8,"column":32},"end":{"line":8,"column":49}},"2":{"start":{"line":9,"column":27},"end":{"line":9,"column":50}},"3":{"start":{"line":10,"column":20},"end":{"line":10,"column":60}},"4":{"start":{"line":10,"column":43},"end":{"line":10,"column":59}},"5":{"start":{"line":12,"column":2},"end":{"line":46,"column":4}},"6":{"start":{"line":37,"column":14},"end":{"line":37,"column":79}}},"fnMap":{"0":{"name":"(anonymous_0)","decl":{"start":{"line":7,"column":15},"end":{"line":7,"column":16}},"loc":{"start":{"line":7,"column":21},"end":{"line":47,"column":1}},"line":7},"1":{"name":"(anonymous_1)","decl":{"start":{"line":10,"column":32},"end":{"line":10,"column":33}},"loc":{"start":{"line":10,"column":43},"end":{"line":10,"column":59}},"line":10},"2":{"name":"(anonymous_2)","decl":{"start":{"line":36,"column":21},"end":{"line":36,"column":22}},"loc":{"start":{"line":36,"column":27},"end":{"line":38,"column":13}},"line":36}},"branchMap":{"0":{"loc":{"start":{"line":37,"column":14},"end":{"line":37,"column":78}},"type":"cond-expr","locations":[{"start":{"line":37,"column":36},"end":{"line":37,"column":56}},{"start":{"line":37,"column":59},"end":{"line":37,"column":78}}],"line":37}},"s":{"0":1,"1":3,"2":3,"3":3,"4":5,"5":3,"6":1},"f":{"0":3,"1":5,"2":1},"b":{"0":[1,0]},"_coverageSchema":"1a1c01bbd47fc00a2c39e90264f33305004495a9","hash":"9e778dbeebf10efb5d6b480a65b0338f2a48c8b7"}
,"C:\\Users\\HP\\Desktop\\raectjanam\\src\\components\\sum.js": {"path":"C:\\Users\\HP\\Desktop\\raectjanam\\src\\components\\sum.js","statementMap":{"0":{"start":{"line":1,"column":19},"end":{"line":3,"column":1}},"1":{"start":{"line":2,"column":2},"end":{"line":2,"column":15}}},"fnMap":{"0":{"name":"(anonymous_0)","decl":{"start":{"line":1,"column":19},"end":{"line":1,"column":20}},"loc":{"start":{"line":1,"column":29},"end":{"line":3,"column":1}},"line":1}},"branchMap":{},"s":{"0":1,"1":1},"f":{"0":1},"b":{},"_coverageSchema":"1a1c01bbd47fc00a2c39e90264f33305004495a9","hash":"367cc7c86d4dc5ef2b72e88fe52a8df75acb3099"}
,"C:\\Users\\HP\\Desktop\\raectjanam\\src\\utils\\UserContext.js": {"path":"C:\\Users\\HP\\Desktop\\raectjanam\\src\\utils\\UserContext.js","statementMap":{"0":{"start":{"line":3,"column":20},"end":{"line":5,"column":2}}},"fnMap":{},"branchMap":{},"s":{"0":1},"f":{},"b":{},"_coverageSchema":"1a1c01bbd47fc00a2c39e90264f33305004495a9","hash":"dd967778ed8a837e3f7a07b90f69f24dbeca0b16"}
,"C:\\Users\\HP\\Desktop\\raectjanam\\src\\utils\\appStore.js": {"path":"C:\\Users\\HP\\Desktop\\raectjanam\\src\\utils\\appStore.js","statementMap":{"0":{"start":{"line":3,"column":17},"end":{"line":7,"column":2}}},"fnMap":{},"branchMap":{},"s":{"0":1},"f":{},"b":{},"_coverageSchema":"1a1c01bbd47fc00a2c39e90264f33305004495a9","hash":"846d5c39bb91ccc1fe80cd2de2f7fad063edccd8"}
,"C:\\Users\\HP\\Desktop\\raectjanam\\src\\utils\\cartSlice.js": {"path":"C:\\Users\\HP\\Desktop\\raectjanam\\src\\utils\\cartSlice.js","statementMap":{"0":{"start":{"line":3,"column":18},"end":{"line":19,"column":2}},"1":{"start":{"line":10,"column":6},"end":{"line":10,"column":39}},"2":{"start":{"line":13,"column":6},"end":{"line":13,"column":24}},"3":{"start":{"line":16,"column":6},"end":{"line":16,"column":27}},"4":{"start":{"line":20,"column":50},"end":{"line":20,"column":67}}},"fnMap":{"0":{"name":"(anonymous_0)","decl":{"start":{"line":9,"column":13},"end":{"line":9,"column":14}},"loc":{"start":{"line":9,"column":32},"end":{"line":11,"column":5}},"line":9},"1":{"name":"(anonymous_1)","decl":{"start":{"line":12,"column":16},"end":{"line":12,"column":17}},"loc":{"start":{"line":12,"column":27},"end":{"line":14,"column":5}},"line":12},"2":{"name":"(anonymous_2)","decl":{"start":{"line":15,"column":15},"end":{"line":15,"column":16}},"loc":{"start":{"line":15,"column":26},"end":{"line":17,"column":5}},"line":15}},"branchMap":{},"s":{"0":1,"1":0,"2":0,"3":0,"4":1},"f":{"0":0,"1":0,"2":0},"b":{},"_coverageSchema":"1a1c01bbd47fc00a2c39e90264f33305004495a9","hash":"9cf14a83dfccd928b10fcf85268762dd65326598"}
,"C:\\Users\\HP\\Desktop\\raectjanam\\src\\utils\\constant.js": {"path":"C:\\Users\\HP\\Desktop\\raectjanam\\src\\utils\\constant.js","statementMap":{"0":{"start":{"line":2,"column":2},"end":{"line":2,"column":85}},"1":{"start":{"line":5,"column":2},"end":{"line":5,"column":79}},"2":{"start":{"line":8,"column":2},"end":{"line":8,"column":121}},"3":{"start":{"line":11,"column":2},"end":{"line":11,"column":86}}},"fnMap":{},"branchMap":{},"s":{"0":1,"1":1,"2":1,"3":1},"f":{},"b":{},"_coverageSchema":"1a1c01bbd47fc00a2c39e90264f33305004495a9","hash":"a11db516ac2403cd4fc0b5ae52a2ef6ca541c642"}
}
